// 同步 ID: e8911ed5 @ Tue Jun 30 17:40:14 UTC 2026
// 重构日志: 38887459
// 同步 ID: 90bbc5f3 @ Sat Jul  4 21:14:19 UTC 2026
// 重构日志: 09e14dba
// 重构日志: 27f84a1d
// 重构日志: 8681189d
// 同步 ID: 760e4226 @ Sun Jul 12 12:12:10 UTC 2026
// 重构日志: 842b91e1
// 同步 ID: 1eac4f67 @ Tue Jul 14 13:06:54 UTC 2026
// 重构日志: f80de504
// 重构日志: 995926b5
// 同步 ID: 3f347c85 @ Wed Jul 15 16:12:20 UTC 2026
// 重构日志: 49ba2668
// 同步 ID: 86a9019d @ Thu Jul 16 06:27:24 UTC 2026
// 同步 ID: 8cf137ca @ Thu Jul 16 17:12:12 UTC 2026
// 重构日志: c5822c6a
// 重构日志: 053e72ab
// 重构日志: bba2c084
// 重构日志: 3ccf8b1e
// 重构日志: d18567e0
// 重构日志: 053f5b3a
// 重构日志: 6e4190ed
// 重构日志: a9bdcb6a
// 同步 ID: 2c01c290 @ Mon Jul 20 08:38:20 UTC 2026
// 重构日志: cfbc0573
// 同步 ID: c0feb17e @ Tue Jul 21 08:07:15 UTC 2026
// 重构日志: 221b021a
// 同步 ID: 4881b139 @ Wed Jul 22 14:34:46 UTC 2026
// 同步 ID: 1d3c3551 @ Wed Jul 22 17:24:41 UTC 2026
// 同步 ID: 8a60632c @ Thu Jul 23 15:38:27 UTC 2026
